#
# A fatal error has been detected by the Java Runtime Environment:
#
#  EXCEPTION_ACCESS_VIOLATION (0xc0000005) at pc=0x000000000452f65c, pid=7680, tid=13396
#
# JRE version: Java(TM) SE Runtime Environment (8.0_74-b02) (build 1.8.0_74-b02)
# Java VM: Java HotSpot(TM) 64-Bit Server VM (25.74-b02 mixed mode windows-amd64 compressed oops)
# Problematic frame:
# J 12608 C2 proguard.classfile.util.ClassReferenceInitializer.findReferencedClasses(Ljava/lang/String;Ljava/lang/String;)[Lproguard/classfile/Clazz; (92 bytes) @ 0x000000000452f65c [0x000000000452ee20+0x83c]
#
# Failed to write core dump. Minidumps are not enabled by default on client versions of Windows
#
# If you would like to submit a bug report, please visit:
#   http://bugreport.java.com/bugreport/crash.jsp
#

---------------  T H R E A D  ---------------

Current thread (0x0000000056e16800):  JavaThread "Daemon worker Thread 9" [_thread_in_Java, id=13396, stack(0x00000000591d0000,0x00000000592d0000)]

siginfo: ExceptionCode=0xc0000005, writing address 0xffffffffbb731038

Registers:
RAX=0x00000000ed0bbf98, RBX=0x000000000000003f, RCX=0x000000000000000e, RDX=0x0000000000000000
RSP=0x00000000592cc580, RBP=0x00000000ed0bb4d8, RSI=0x0000000000000001, RDI=0x00000000ed0bb4f0
R8 =0x0000000000000045, R9 =0x0000000000000002, R10=0x000000000000003c, R11=0x00000000ed0bbdf0
R12=0x0000000000000000, R13=0x00000000ed0bbf98, R14=0x00000000ed0bb4f0, R15=0x0000000056e16800
RIP=0x000000000452f65c, EFLAGS=0x0000000000010282

Top of Stack: (sp=0x00000000592cc580)
0x00000000592cc580:   00000000ed09b648 0000003e00000035
0x00000000592cc590:   00000000c6339660 00000000ca411ee8
0x00000000592cc5a0:   00000000ca411ee8 00000000ca411ee8
0x00000000592cc5b0:   00000000c63333e8 0000000000000001
0x00000000592cc5c0:   00000000ed0bbf80 00000001ed0bbdf0
0x00000000592cc5d0:   0000000000000000 00000000ed0bbdf0
0x00000000592cc5e0:   ed0bb4d800000010 000000000452f420
0x00000000592cc5f0:   0000000000000093 00000000143916d0
0x00000000592cc600:   00000000ed0bb8d0 00000000c03df0a0
0x00000000592cc610:   00000000143916d0 00000000ca411ee8
0x00000000592cc620:   00000000c63333e8 0000002200000002
0x00000000592cc630:   00000000c63333e8 0000000002716d08
0x00000000592cc640:   00000000c63395a0 c633960000000000
0x00000000592cc650:   00000000c63394a0 00000000c63394e0
0x00000000592cc660:   00000000ca411ee8 00000000c6333490
0x00000000592cc670:   00000000c6333490 00000000c6339600 

Instructions: (pc=0x000000000452f65c)
0x000000000452f63c:   d8 0f 83 13 06 00 00 4d 63 d2 46 0f b7 54 57 12
0x000000000452f64c:   41 8b ca 83 c1 d2 83 f9 0f 73 bb 4d 63 d2 49 bb
0x000000000452f65c:   a8 ed 52 04 00 00 00 00 43 ff a4 d3 90 fe ff ff
0x000000000452f66c:   48 8b 5c 24 78 49 8b ca e9 60 fd ff ff 48 b8 28 


Register to memory mapping:

RAX=0x00000000ed0bbf98 is an oop
java.lang.String 
 - klass: 'java/lang/String'
RBX=0x000000000000003f is an unknown value
RCX=0x000000000000000e is an unknown value
RDX=0x0000000000000000 is an unknown value
RSP=0x00000000592cc580 is pointing into the stack for thread: 0x0000000056e16800
RBP=0x00000000ed0bb4d8 is an oop
java.lang.String 
 - klass: 'java/lang/String'
RSI=0x0000000000000001 is an unknown value
RDI=0x00000000ed0bb4f0 is an oop
[C 
 - klass: {type array char}
 - length: 69
R8 =0x0000000000000045 is an unknown value
R9 =0x0000000000000002 is an unknown value
R10=0x000000000000003c is an unknown value
R11=0x00000000ed0bbdf0 is an oop
proguard.classfile.util.DescriptorClassEnumeration 
 - klass: 'proguard/classfile/util/DescriptorClassEnumeration'
R12=0x0000000000000000 is an unknown value
R13=0x00000000ed0bbf98 is an oop
java.lang.String 
 - klass: 'java/lang/String'
R14=0x00000000ed0bb4f0 is an oop
[C 
 - klass: {type array char}
 - length: 69
R15=0x0000000056e16800 is a thread


Stack: [0x00000000591d0000,0x00000000592d0000],  sp=0x00000000592cc580,  free space=1009k
Native frames: (J=compiled Java code, j=interpreted, Vv=VM code, C=native code)
C  0x000000000452f65c


---------------  P R O C E S S  ---------------

Java Threads: ( => current thread )
  0x0000000056e13000 JavaThread "Stdin handler" [_thread_blocked, id=14332, stack(0x00000000620c0000,0x00000000621c0000)]
  0x0000000056e13800 JavaThread "Asynchronous log dispatcher for org.gradle.launcher.daemon.server.DefaultDaemonConnection@c5c494c" [_thread_blocked, id=8852, stack(0x0000000059310000,0x0000000059410000)]
=>0x0000000056e16800 JavaThread "Daemon worker Thread 9" [_thread_in_Java, id=13396, stack(0x00000000591d0000,0x00000000592d0000)]
  0x0000000056e1e000 JavaThread "Cancel handler" [_thread_blocked, id=13572, stack(0x0000000058fd0000,0x00000000590d0000)]
  0x0000000056e1d800 JavaThread "Handler for socket connection from /127.0.0.1:11885 to /127.0.0.1:9695" [_thread_in_native, id=12968, stack(0x0000000058e50000,0x0000000058f50000)]
  0x0000000056e1f000 JavaThread "Daemon Thread 9" [_thread_blocked, id=13448, stack(0x0000000058940000,0x0000000058a40000)]
  0x000000005716b800 JavaThread "pool-3-thread-4" [_thread_blocked, id=9256, stack(0x0000000065550000,0x0000000065650000)]
  0x00000000563a8800 JavaThread "pool-3-thread-3" [_thread_blocked, id=10868, stack(0x0000000059520000,0x0000000059620000)]
  0x0000000057171000 JavaThread "pool-3-thread-2" [_thread_blocked, id=9092, stack(0x000000005e5f0000,0x000000005e6f0000)]
  0x0000000056e1c000 JavaThread "pool-3-thread-1" [_thread_blocked, id=8512, stack(0x000000005cfc0000,0x000000005d0c0000)]
  0x0000000056e12000 JavaThread "File lock request listener" [_thread_in_native, id=6884, stack(0x000000005d0d0000,0x000000005d1d0000)]
  0x0000000057bd6800 JavaThread "Incoming local TCP Connector on port 11885" [_thread_in_native, id=3956, stack(0x0000000058b00000,0x0000000058c00000)]
  0x000000005829d800 JavaThread "pool-1-thread-1" [_thread_blocked, id=11696, stack(0x0000000057590000,0x0000000057690000)]
  0x00000000562bf000 JavaThread "Service Thread" daemon [_thread_blocked, id=8584, stack(0x0000000056c80000,0x0000000056d80000)]
  0x0000000056229800 JavaThread "C1 CompilerThread2" daemon [_thread_blocked, id=9032, stack(0x0000000055fe0000,0x00000000560e0000)]
  0x0000000056229000 JavaThread "C2 CompilerThread1" daemon [_thread_blocked, id=8572, stack(0x0000000056b20000,0x0000000056c20000)]
  0x000000005621d000 JavaThread "C2 CompilerThread0" daemon [_thread_blocked, id=9624, stack(0x00000000569e0000,0x0000000056ae0000)]
  0x000000005621a800 JavaThread "Attach Listener" daemon [_thread_blocked, id=10380, stack(0x00000000568d0000,0x00000000569d0000)]
  0x0000000054d81000 JavaThread "Signal Dispatcher" daemon [_thread_blocked, id=5716, stack(0x00000000567a0000,0x00000000568a0000)]
  0x0000000054d6d000 JavaThread "Finalizer" daemon [_thread_blocked, id=7144, stack(0x0000000056110000,0x0000000056210000)]
  0x0000000054d26000 JavaThread "Reference Handler" daemon [_thread_blocked, id=9296, stack(0x0000000055ed0000,0x0000000055fd0000)]
  0x0000000002068000 JavaThread "main" [_thread_blocked, id=8640, stack(0x0000000002390000,0x0000000002490000)]

Other Threads:
  0x0000000054d1e800 VMThread [stack: 0x0000000055cd0000,0x0000000055dd0000] [id=9164]
  0x00000000562ca800 WatcherThread [stack: 0x0000000056680000,0x0000000056780000] [id=3092]

VM state:not at safepoint (normal execution)

VM Mutex/Monitor currently owned by a thread: None

Heap:
 PSYoungGen      total 246784K, used 42679K [0x00000000eab00000, 0x00000000ffe80000, 0x0000000100000000)
  eden space 151552K, 25% used [0x00000000eab00000,0x00000000ed165c50,0x00000000f3f00000)
  from space 95232K, 3% used [0x00000000f3f00000,0x00000000f4248000,0x00000000f9c00000)
  to   space 92160K, 0% used [0x00000000fa480000,0x00000000fa480000,0x00000000ffe80000)
 ParOldGen       total 346112K, used 170511K [0x00000000c0000000, 0x00000000d5200000, 0x00000000eab00000)
  object space 346112K, 49% used [0x00000000c0000000,0x00000000ca683ca8,0x00000000d5200000)
 Metaspace       used 78426K, capacity 81932K, committed 82816K, reserved 1122304K
  class space    used 9350K, capacity 9922K, committed 10112K, reserved 1048576K

Card table byte_map: [0x0000000011850000,0x0000000011a60000] byte_map_base: 0x0000000011250000

Marking Bits: (ParMarkBitMap*) 0x0000000061ff0600
 Begin Bits: [0x0000000012190000, 0x0000000013190000)
 End Bits:   [0x0000000013190000, 0x0000000014190000)

Polling page: 0x0000000000320000

CodeCache: size=245760Kb used=74739Kb max_used=74902Kb free=171020Kb
 bounds [0x0000000002490000, 0x0000000006e40000, 0x0000000011490000]
 total_blobs=19894 nmethods=19108 adapters=694
 compilation: enabled

Compilation events (10 events):
Event: 5975.485 Thread 0x0000000056229000 nmethod 28168 0x0000000004045c50 code [0x0000000004045d80, 0x0000000004045e18]
Event: 5975.750 Thread 0x000000005621d000 nmethod 28615% 0x0000000006e1ae10 code [0x0000000006e1b600, 0x0000000006e27548]
Event: 5984.016 Thread 0x0000000056229000 28651   !   4       sun.nio.cs.StreamEncoder::flushBuffer (42 bytes)
Event: 5984.021 Thread 0x0000000056229000 nmethod 28651 0x0000000003367f50 code [0x00000000033680c0, 0x00000000033688f8]
Event: 5984.039 Thread 0x000000005621d000 28652       4       proguard.classfile.util.SimplifiedVisitor::visitFloatType (12 bytes)
Event: 5984.040 Thread 0x000000005621d000 nmethod 28652 0x0000000003b21390 code [0x0000000003b214c0, 0x0000000003b21538]
Event: 5984.109 Thread 0x0000000056229000 28653       4       proguard.classfile.util.SimplifiedVisitor::visitLongType (12 bytes)
Event: 5984.110 Thread 0x0000000056229000 nmethod 28653 0x0000000003c27a10 code [0x0000000003c27b40, 0x0000000003c27bb8]
Event: 5984.325 Thread 0x0000000056229800 28654       3       java.io.OutputStream::write (79 bytes)
Event: 5984.326 Thread 0x0000000056229800 nmethod 28654 0x0000000006da2990 code [0x0000000006da2b40, 0x0000000006da3148]

GC Heap History (10 events):
Event: 5981.004 GC heap before
{Heap before GC invocations=141 (full 16):
 PSYoungGen      total 259072K, used 163840K [0x00000000eab00000, 0x0000000100000000, 0x0000000100000000)
  eden space 163840K, 100% used [0x00000000eab00000,0x00000000f4b00000,0x00000000f4b00000)
  from space 95232K, 0% used [0x00000000fa300000,0x00000000fa300000,0x0000000100000000)
  to   space 90112K, 0% used [0x00000000f4b00000,0x00000000f4b00000,0x00000000fa300000)
 ParOldGen       total 346112K, used 90234K [0x00000000c0000000, 0x00000000d5200000, 0x00000000eab00000)
  object space 346112K, 26% used [0x00000000c0000000,0x00000000c581ea60,0x00000000d5200000)
 Metaspace       used 78425K, capacity 81932K, committed 82816K, reserved 1122304K
  class space    used 9350K, capacity 9922K, committed 10112K, reserved 1048576K
Event: 5981.011 GC heap after
Heap after GC invocations=141 (full 16):
 PSYoungGen      total 168448K, used 4232K [0x00000000eab00000, 0x00000000ff700000, 0x0000000100000000)
  eden space 163840K, 0% used [0x00000000eab00000,0x00000000eab00000,0x00000000f4b00000)
  from space 4608K, 91% used [0x00000000f4b00000,0x00000000f4f22020,0x00000000f4f80000)
  to   space 88064K, 0% used [0x00000000fa100000,0x00000000fa100000,0x00000000ff700000)
 ParOldGen       total 346112K, used 90234K [0x00000000c0000000, 0x00000000d5200000, 0x00000000eab00000)
  object space 346112K, 26% used [0x00000000c0000000,0x00000000c581ea60,0x00000000d5200000)
 Metaspace       used 78425K, capacity 81932K, committed 82816K, reserved 1122304K
  class space    used 9350K, capacity 9922K, committed 10112K, reserved 1048576K
}
Event: 5984.417 GC heap before
{Heap before GC invocations=142 (full 16):
 PSYoungGen      total 168448K, used 168072K [0x00000000eab00000, 0x00000000ff700000, 0x0000000100000000)
  eden space 163840K, 100% used [0x00000000eab00000,0x00000000f4b00000,0x00000000f4b00000)
  from space 4608K, 91% used [0x00000000f4b00000,0x00000000f4f22020,0x00000000f4f80000)
  to   space 88064K, 0% used [0x00000000fa100000,0x00000000fa100000,0x00000000ff700000)
 ParOldGen       total 346112K, used 90234K [0x00000000c0000000, 0x00000000d5200000, 0x00000000eab00000)
  object space 346112K, 26% used [0x00000000c0000000,0x00000000c581ea60,0x00000000d5200000)
 Metaspace       used 78426K, capacity 81932K, committed 82816K, reserved 1122304K
  class space    used 9350K, capacity 9922K, committed 10112K, reserved 1048576K
Event: 5984.474 GC heap after
Heap after GC invocations=142 (full 16):
 PSYoungGen      total 237568K, used 75317K [0x00000000eab00000, 0x0000000100000000, 0x0000000100000000)
  eden space 149504K, 0% used [0x00000000eab00000,0x00000000eab00000,0x00000000f3d00000)
  from space 88064K, 85% used [0x00000000fa100000,0x00000000fea8d658,0x00000000ff700000)
  to   space 99840K, 0% used [0x00000000f3d00000,0x00000000f3d00000,0x00000000f9e80000)
 ParOldGen       total 346112K, used 91018K [0x00000000c0000000, 0x00000000d5200000, 0x00000000eab00000)
  object space 346112K, 26% used [0x00000000c0000000,0x00000000c58e2a70,0x00000000d5200000)
 Metaspace       used 78426K, capacity 81932K, committed 82816K, reserved 1122304K
  class space    used 9350K, capacity 9922K, committed 10112K, reserved 1048576K
}
Event: 5984.532 GC heap before
{Heap before GC invocations=143 (full 16):
 PSYoungGen      total 237568K, used 224821K [0x00000000eab00000, 0x0000000100000000, 0x0000000100000000)
  eden space 149504K, 100% used [0x00000000eab00000,0x00000000f3d00000,0x00000000f3d00000)
  from space 88064K, 85% used [0x00000000fa100000,0x00000000fea8d658,0x00000000ff700000)
  to   space 99840K, 0% used [0x00000000f3d00000,0x00000000f3d00000,0x00000000f9e80000)
 ParOldGen       total 346112K, used 91018K [0x00000000c0000000, 0x00000000d5200000, 0x00000000eab00000)
  object space 346112K, 26% used [0x00000000c0000000,0x00000000c58e2a70,0x00000000d5200000)
 Metaspace       used 78426K, capacity 81932K, committed 82816K, reserved 1122304K
  class space    used 9350K, capacity 9922K, committed 10112K, reserved 1048576K
Event: 5984.598 GC heap after
Heap after GC invocations=143 (full 16):
 PSYoungGen      total 249344K, used 2720K [0x00000000eab00000, 0x0000000100000000, 0x0000000100000000)
  eden space 149504K, 0% used [0x00000000eab00000,0x00000000eab00000,0x00000000f3d00000)
  from space 99840K, 2% used [0x00000000f3d00000,0x00000000f3fa8000,0x00000000f9e80000)
  to   space 97792K, 0% used [0x00000000fa080000,0x00000000fa080000,0x0000000100000000)
 ParOldGen       total 346112K, used 165383K [0x00000000c0000000, 0x00000000d5200000, 0x00000000eab00000)
  object space 346112K, 47% used [0x00000000c0000000,0x00000000ca181ca8,0x00000000d5200000)
 Metaspace       used 78426K, capacity 81932K, committed 82816K, reserved 1122304K
  class space    used 9350K, capacity 9922K, committed 10112K, reserved 1048576K
}
Event: 5984.664 GC heap before
{Heap before GC invocations=144 (full 16):
 PSYoungGen      total 249344K, used 152224K [0x00000000eab00000, 0x0000000100000000, 0x0000000100000000)
  eden space 149504K, 100% used [0x00000000eab00000,0x00000000f3d00000,0x00000000f3d00000)
  from space 99840K, 2% used [0x00000000f3d00000,0x00000000f3fa8000,0x00000000f9e80000)
  to   space 97792K, 0% used [0x00000000fa080000,0x00000000fa080000,0x0000000100000000)
 ParOldGen       total 346112K, used 165383K [0x00000000c0000000, 0x00000000d5200000, 0x00000000eab00000)
  object space 346112K, 47% used [0x00000000c0000000,0x00000000ca181ca8,0x00000000d5200000)
 Metaspace       used 78426K, capacity 81932K, committed 82816K, reserved 1122304K
  class space    used 9350K, capacity 9922K, committed 10112K, reserved 1048576K
Event: 5984.673 GC heap after
Heap after GC invocations=144 (full 16):
 PSYoungGen      total 242176K, used 2496K [0x00000000eab00000, 0x00000000ff900000, 0x0000000100000000)
  eden space 151552K, 0% used [0x00000000eab00000,0x00000000eab00000,0x00000000f3f00000)
  from space 90624K, 2% used [0x00000000fa080000,0x00000000fa2f0000,0x00000000ff900000)
  to   space 95232K, 0% used [0x00000000f3f00000,0x00000000f3f00000,0x00000000f9c00000)
 ParOldGen       total 346112K, used 168055K [0x00000000c0000000, 0x00000000d5200000, 0x00000000eab00000)
  object space 346112K, 48% used [0x00000000c0000000,0x00000000ca41dca8,0x00000000d5200000)
 Metaspace       used 78426K, capacity 81932K, committed 82816K, reserved 1122304K
  class space    used 9350K, capacity 9922K, committed 10112K, reserved 1048576K
}
Event: 5984.753 GC heap before
{Heap before GC invocations=145 (full 16):
 PSYoungGen      total 242176K, used 154048K [0x00000000eab00000, 0x00000000ff900000, 0x0000000100000000)
  eden space 151552K, 100% used [0x00000000eab00000,0x00000000f3f00000,0x00000000f3f00000)
  from space 90624K, 2% used [0x00000000fa080000,0x00000000fa2f0000,0x00000000ff900000)
  to   space 95232K, 0% used [0x00000000f3f00000,0x00000000f3f00000,0x00000000f9c00000)
 ParOldGen       total 346112K, used 168055K [0x00000000c0000000, 0x00000000d5200000, 0x00000000eab00000)
  object space 346112K, 48% used [0x00000000c0000000,0x00000000ca41dca8,0x00000000d5200000)
 Metaspace       used 78426K, capacity 81932K, committed 82816K, reserved 1122304K
  class space    used 9350K, capacity 9922K, committed 10112K, reserved 1048576K
Event: 5984.765 GC heap after
Heap after GC invocations=145 (full 16):
 PSYoungGen      total 246784K, used 3360K [0x00000000eab00000, 0x00000000ffe80000, 0x0000000100000000)
  eden space 151552K, 0% used [0x00000000eab00000,0x00000000eab00000,0x00000000f3f00000)
  from space 95232K, 3% used [0x00000000f3f00000,0x00000000f4248000,0x00000000f9c00000)
  to   space 92160K, 0% used [0x00000000fa480000,0x00000000fa480000,0x00000000ffe80000)
 ParOldGen       total 346112K, used 170511K [0x00000000c0000000, 0x00000000d5200000, 0x00000000eab00000)
  object space 346112K, 49% used [0x00000000c0000000,0x00000000ca683ca8,0x00000000d5200000)
 Metaspace       used 78426K, capacity 81932K, committed 82816K, reserved 1122304K
  class space    used 9350K, capacity 9922K, committed 10112K, reserved 1048576K
}

Deoptimization events (10 events):
Event: 5974.755 Thread 0x0000000056e16800 Uncommon trap: reason=predicate action=maybe_recompile pc=0x0000000006d88d24 method=java.util.ComparableTimSort.mergeLo(IIII)V @ 147
Event: 5975.066 Thread 0x0000000056e16800 Uncommon trap: reason=class_check action=maybe_recompile pc=0x0000000005b53b60 method=com.sun.org.apache.xerces.internal.dom.NamedNodeMapImpl.getNamedItem(Ljava/lang/String;)Lorg/w3c/dom/Node; @ 28
Event: 5975.066 Thread 0x0000000056e16800 Uncommon trap: reason=class_check action=maybe_recompile pc=0x0000000005b53b60 method=com.sun.org.apache.xerces.internal.dom.NamedNodeMapImpl.getNamedItem(Ljava/lang/String;)Lorg/w3c/dom/Node; @ 28
Event: 5975.085 Thread 0x0000000056e16800 Uncommon trap: reason=class_check action=maybe_recompile pc=0x0000000005b53b60 method=com.sun.org.apache.xerces.internal.dom.NamedNodeMapImpl.getNamedItem(Ljava/lang/String;)Lorg/w3c/dom/Node; @ 28
Event: 5975.086 Thread 0x0000000056e16800 Uncommon trap: reason=class_check action=maybe_recompile pc=0x0000000005b53b60 method=com.sun.org.apache.xerces.internal.dom.NamedNodeMapImpl.getNamedItem(Ljava/lang/String;)Lorg/w3c/dom/Node; @ 28
Event: 5975.148 Thread 0x0000000056e16800 Uncommon trap: reason=null_check action=make_not_entrant pc=0x0000000006de5e80 method=com.sun.org.apache.xerces.internal.dom.ElementImpl.getAttribute(Ljava/lang/String;)Ljava/lang/String; @ 32
Event: 5975.289 Thread 0x0000000056e16800 Uncommon trap: reason=class_check action=maybe_recompile pc=0x0000000005768474 method=com.google.common.collect.AbstractMapBasedMultimap.get(Ljava/lang/Object;)Ljava/util/Collection; @ 5
Event: 5975.289 Thread 0x0000000056e16800 Uncommon trap: reason=class_check action=maybe_recompile pc=0x0000000005768474 method=com.google.common.collect.AbstractMapBasedMultimap.get(Ljava/lang/Object;)Ljava/util/Collection; @ 5
Event: 5975.289 Thread 0x0000000056e16800 Uncommon trap: reason=class_check action=maybe_recompile pc=0x0000000005768474 method=com.google.common.collect.AbstractMapBasedMultimap.get(Ljava/lang/Object;)Ljava/util/Collection; @ 5
Event: 5975.289 Thread 0x0000000056e16800 Uncommon trap: reason=class_check action=maybe_recompile pc=0x0000000005768474 method=com.google.common.collect.AbstractMapBasedMultimap.get(Ljava/lang/Object;)Ljava/util/Collection; @ 5

Internal exceptions (10 events):
Event: 5971.443 Thread 0x0000000056e16800 Exception <a 'java/lang/ArrayIndexOutOfBoundsException'> (0x00000000ef1fcd30) thrown at [C:\re\workspace\8-2-build-windows-amd64-cygwin\jdk8u74\6087\hotspot\src\share\vm\runtime\sharedRuntime.cpp, line 605]
Event: 5971.443 Thread 0x0000000056e16800 Exception <a 'java/lang/ArrayIndexOutOfBoundsException'> (0x00000000ef200600) thrown at [C:\re\workspace\8-2-build-windows-amd64-cygwin\jdk8u74\6087\hotspot\src\share\vm\runtime\sharedRuntime.cpp, line 605]
Event: 5971.473 Thread 0x0000000056e16800 Exception <a 'java/lang/ArrayIndexOutOfBoundsException'> (0x00000000ef4940d0) thrown at [C:\re\workspace\8-2-build-windows-amd64-cygwin\jdk8u74\6087\hotspot\src\share\vm\runtime\sharedRuntime.cpp, line 605]
Event: 5971.479 Thread 0x0000000056e16800 Exception <a 'java/lang/ArrayIndexOutOfBoundsException'> (0x00000000ef4f74c8) thrown at [C:\re\workspace\8-2-build-windows-amd64-cygwin\jdk8u74\6087\hotspot\src\share\vm\runtime\sharedRuntime.cpp, line 605]
Event: 5971.484 Thread 0x0000000056e16800 Exception <a 'java/lang/ArrayIndexOutOfBoundsException'> (0x00000000ef5585c0) thrown at [C:\re\workspace\8-2-build-windows-amd64-cygwin\jdk8u74\6087\hotspot\src\share\vm\runtime\sharedRuntime.cpp, line 605]
Event: 5971.489 Thread 0x0000000056e16800 Exception <a 'java/lang/ArrayIndexOutOfBoundsException'> (0x00000000ef5ce6b0) thrown at [C:\re\workspace\8-2-build-windows-amd64-cygwin\jdk8u74\6087\hotspot\src\share\vm\runtime\sharedRuntime.cpp, line 605]
Event: 5971.489 Thread 0x0000000056e16800 Exception <a 'java/lang/ArrayIndexOutOfBoundsException'> (0x00000000ef5d53b8) thrown at [C:\re\workspace\8-2-build-windows-amd64-cygwin\jdk8u74\6087\hotspot\src\share\vm\runtime\sharedRuntime.cpp, line 605]
Event: 5971.489 Thread 0x0000000056e16800 Exception <a 'java/lang/ArrayIndexOutOfBoundsException'> (0x00000000ef5d6838) thrown at [C:\re\workspace\8-2-build-windows-amd64-cygwin\jdk8u74\6087\hotspot\src\share\vm\runtime\sharedRuntime.cpp, line 605]
Event: 5972.587 Thread 0x0000000056e16800 Implicit null exception at 0x0000000005ff89cb to 0x0000000005ff9e29
Event: 5975.148 Thread 0x0000000056e16800 Implicit null exception at 0x0000000006de27d7 to 0x0000000006de5e75

Events (10 events):
Event: 5981.003 Executing VM operation: ParallelGCFailedAllocation
Event: 5981.011 Executing VM operation: ParallelGCFailedAllocation done
Event: 5984.417 Executing VM operation: ParallelGCFailedAllocation
Event: 5984.474 Executing VM operation: ParallelGCFailedAllocation done
Event: 5984.532 Executing VM operation: ParallelGCFailedAllocation
Event: 5984.598 Executing VM operation: ParallelGCFailedAllocation done
Event: 5984.664 Executing VM operation: ParallelGCFailedAllocation
Event: 5984.673 Executing VM operation: ParallelGCFailedAllocation done
Event: 5984.753 Executing VM operation: ParallelGCFailedAllocation
Event: 5984.765 Executing VM operation: ParallelGCFailedAllocation done


Dynamic libraries:
0x000000013fef0000 - 0x000000013ff27000 	C:\Program Files\Java\jdk1.8.0_74\bin\java.exe
0x0000000077ac0000 - 0x0000000077c6a000 	C:\Windows\SYSTEM32\ntdll.dll
0x00000000779a0000 - 0x0000000077abf000 	C:\Windows\system32\kernel32.dll
0x000007fefdc40000 - 0x000007fefdcaa000 	C:\Windows\system32\KERNELBASE.dll
0x000007fefdf80000 - 0x000007fefe05b000 	C:\Windows\system32\ADVAPI32.dll
0x000007fefde60000 - 0x000007fefdeff000 	C:\Windows\system32\msvcrt.dll
0x000007fefe210000 - 0x000007fefe22f000 	C:\Windows\SYSTEM32\sechost.dll
0x000007fefe280000 - 0x000007fefe3ad000 	C:\Windows\system32\RPCRT4.dll
0x00000000778a0000 - 0x000000007799a000 	C:\Windows\system32\USER32.dll
0x000007feffbf0000 - 0x000007feffc57000 	C:\Windows\system32\GDI32.dll
0x000007feff680000 - 0x000007feff68e000 	C:\Windows\system32\LPK.dll
0x000007feff140000 - 0x000007feff20b000 	C:\Windows\system32\USP10.dll
0x000007fefc2e0000 - 0x000007fefc4d4000 	C:\Windows\WinSxS\amd64_microsoft.windows.common-controls_6595b64144ccf1df_6.0.7601.18837_none_fa3b1e3d17594757\COMCTL32.dll
0x000007fefdf00000 - 0x000007fefdf71000 	C:\Windows\system32\SHLWAPI.dll
0x000007feff650000 - 0x000007feff67e000 	C:\Windows\system32\IMM32.DLL
0x000007fefe060000 - 0x000007fefe169000 	C:\Windows\system32\MSCTF.dll
0x00000000792b0000 - 0x0000000079382000 	C:\Program Files\Java\jdk1.8.0_74\jre\bin\msvcr100.dll
0x00000000617e0000 - 0x0000000062070000 	C:\Program Files\Java\jdk1.8.0_74\jre\bin\server\jvm.dll
0x000007fef92d0000 - 0x000007fef92d9000 	C:\Windows\system32\WSOCK32.dll
0x000007fefe230000 - 0x000007fefe27d000 	C:\Windows\system32\WS2_32.dll
0x000007fefddb0000 - 0x000007fefddb8000 	C:\Windows\system32\NSI.dll
0x000007fefb5c0000 - 0x000007fefb5fb000 	C:\Windows\system32\WINMM.dll
0x000007fefca00000 - 0x000007fefca0c000 	C:\Windows\system32\VERSION.dll
0x0000000077c90000 - 0x0000000077c97000 	C:\Windows\system32\PSAPI.DLL
0x0000000066520000 - 0x000000006652f000 	C:\Program Files\Java\jdk1.8.0_74\jre\bin\verify.dll
0x00000000623a0000 - 0x00000000623c9000 	C:\Program Files\Java\jdk1.8.0_74\jre\bin\java.dll
0x0000000062380000 - 0x0000000062396000 	C:\Program Files\Java\jdk1.8.0_74\jre\bin\zip.dll
0x000007fefe3b0000 - 0x000007feff13a000 	C:\Windows\system32\SHELL32.dll
0x000007feff210000 - 0x000007feff40c000 	C:\Windows\system32\ole32.dll
0x000007fefd920000 - 0x000007fefd92f000 	C:\Windows\system32\profapi.dll
0x0000000062570000 - 0x000000006258a000 	C:\Program Files\Java\jdk1.8.0_74\jre\bin\net.dll
0x000007fefd0b0000 - 0x000007fefd105000 	C:\Windows\system32\mswsock.dll
0x000007fefd0a0000 - 0x000007fefd0a7000 	C:\Windows\System32\wship6.dll
0x0000000062360000 - 0x0000000062371000 	C:\Program Files\Java\jdk1.8.0_74\jre\bin\nio.dll
0x000007fef56d0000 - 0x000007fef56e2000 	C:\Users\Administrator\.gradle\native\19\windows-amd64\native-platform.dll
0x000007fefd110000 - 0x000007fefd127000 	C:\Windows\system32\CRYPTSP.dll
0x000007fefce10000 - 0x000007fefce57000 	C:\Windows\system32\rsaenh.dll
0x000007fefdc20000 - 0x000007fefdc3e000 	C:\Windows\system32\USERENV.dll
0x000007fefd770000 - 0x000007fefd77f000 	C:\Windows\system32\CRYPTBASE.dll
0x000007fefb1a0000 - 0x000007fefb1c7000 	C:\Windows\system32\IPHLPAPI.DLL
0x000007fefb190000 - 0x000007fefb19b000 	C:\Windows\system32\WINNSI.DLL
0x000007fefafa0000 - 0x000007fefafb8000 	C:\Windows\system32\dhcpcsvc.DLL
0x000007fefaf80000 - 0x000007fefaf91000 	C:\Windows\system32\dhcpcsvc6.DLL
0x0000000070be0000 - 0x0000000070bed000 	C:\Program Files\Java\jdk1.8.0_74\jre\bin\management.dll
0x000007fefd710000 - 0x000007fefd767000 	C:\Windows\system32\apphelp.dll
0x000007fef6370000 - 0x000007fef6495000 	C:\Windows\system32\dbghelp.dll

VM Arguments:
jvm_args: -XX:MaxPermSize=256m -XX:+HeapDumpOnOutOfMemoryError -Xmx1024m -Dfile.encoding=GBK -Duser.country=CN -Duser.language=zh -Duser.variant 
java_command: org.gradle.launcher.daemon.bootstrap.GradleDaemon 2.14.1
java_class_path (initial): C:\Users\Administrator\.gradle\wrapper\dists\gradle-2.14.1-all\8bnwg5hd3w55iofp58khbp6yv\gradle-2.14.1\lib\gradle-launcher-2.14.1.jar
Launcher Type: SUN_STANDARD

Environment Variables:
CLASSPATH=.;%JAVA_HOME%\lib\dt.jar;%JAVA_HOME%\lib\tools.jar;
PATH=C:\ProgramData\Oracle\Java\javapath;C:\Windows\system32;C:\Windows;C:\Windows\System32\Wbem;C:\Windows\System32\WindowsPowerShell\v1.0\;E:\git\Git\cmd;C:\Program Files\Java\jdk1.8.0_74\bin%E:\studiosdk\ndk-bundle%;C:\Program Files\TortoiseSVN\bin;C:\Program Files\nodejs\;C:\Program Files\Git\cmd;C:\Users\Administrator\AppData\Roaming\npm
USERNAME=Administrator
OS=Windows_NT
PROCESSOR_IDENTIFIER=Intel64 Family 6 Model 61 Stepping 4, GenuineIntel



---------------  S Y S T E M  ---------------

OS: Windows 7 , 64 bit Build 7601 (6.1.7601.23889)

CPU:total 4 (2 cores per cpu, 2 threads per core) family 6 model 61 stepping 4, cmov, cx8, fxsr, mmx, sse, sse2, sse3, ssse3, sse4.1, sse4.2, popcnt, avx, avx2, aes, clmul, erms, rtm, 3dnowpref, lzcnt, ht, tsc, tscinvbit, bmi1, bmi2, adx

Memory: 4k page, physical 16665396k(9401252k free), swap 33328932k(24465476k free)

vm_info: Java HotSpot(TM) 64-Bit Server VM (25.74-b02) for windows-amd64 JRE (1.8.0_74-b02), built on Jan 29 2016 17:42:36 by "java_re" with MS VC++ 10.0 (VS2010)

time: Wed Sep 27 16:10:09 2017
elapsed time: 5984 seconds (0d 1h 39m 44s)

